      Lon      Lat    Year   BNE  BINE   BNS  TeBS   IBS  TeBE  TrBE TrIBE  TrBR   C3G   C4G Total
     8.50    50.00    1980  0.00  0.00  0.00  0.94  0.00  0.00  0.00  0.00  0.00  0.96  0.00  0.94
     8.50    50.00    1981  0.00  0.00  0.00  0.93  0.00  0.00  0.00  0.00  0.00  0.97  0.00  0.94
     8.50    50.00    1982  0.00  0.00  0.00  0.94  0.00  0.00  0.00  0.00  0.00  0.97  0.00  0.94
     8.50    50.00    1983  0.00  0.00  0.00  0.94  0.00  0.00  0.00  0.00  0.00  0.94  0.00  0.94
     8.50    50.00    1984  0.00  0.00  0.00  0.94  0.00  0.00  0.00  0.00  0.00  0.97  0.00  0.94
     8.50    50.00    1985  0.00  0.00  0.00  0.93  0.00  0.00  0.00  0.00  0.00  0.99  0.00  0.93
     8.50    50.00    1986  0.00  0.00  0.00  0.93  0.00  0.00  0.00  0.00  0.00  0.98  0.00  0.93
     8.50    50.00    1987  0.00  0.00  0.00  0.93  0.00  0.00  0.00  0.00  0.00  0.98  0.00  0.93
     8.50    50.00    1988  0.00  0.00  0.00  0.94  0.00  0.00  0.00  0.00  0.00  0.99  0.00  0.94
     8.50    50.00    1989  0.00  0.00  0.00  0.91  0.00  0.00  0.00  0.00  0.00  0.99  0.00  0.91
     8.50    50.00    1990  0.00  0.00  0.00  0.91  0.00  0.00  0.00  0.00  0.00  0.97  0.00  0.91
     8.50    50.00    1991  0.00  0.00  0.00  0.90  0.00  0.00  0.00  0.00  0.00  0.92  0.00  0.90
     8.50    50.00    1992  0.00  0.00  0.00  0.93  0.00  0.00  0.00  0.00  0.00  0.99  0.00  0.93
     8.50    50.00    1993  0.00  0.00  0.00  0.94  0.00  0.00  0.00  0.00  0.00  0.00  0.00  0.94
     8.50    50.00    1994  0.00  0.00  0.00  0.92  0.00  0.00  0.00  0.00  0.00  0.00  0.00  0.92
     8.50    50.00    1995  0.00  0.00  0.00  0.94  0.00  0.00  0.00  0.00  0.00  0.00  0.00  0.94
     8.50    50.00    1996  0.00  0.00  0.00  0.94  0.00  0.00  0.00  0.00  0.00  0.00  0.00  0.94
     8.50    50.00    1997  0.00  0.00  0.00  0.89  0.00  0.88  0.00  0.00  0.00  0.00  0.00  0.89
     8.50    50.00    1998  0.00  0.00  0.00  0.94  0.00  0.00  0.00  0.00  0.00  0.00  0.00  0.94
     8.50    50.00    1999  0.00  0.00  0.00  0.94  0.00  0.00  0.00  0.00  0.00  0.00  0.00  0.94
     8.50    50.00    2000  0.00  0.00  0.00  0.93  0.00  0.00  0.00  0.00  0.00  0.00  0.00  0.93
     8.50    50.00    2001  0.00  0.00  0.00  0.95  0.00  0.89  0.00  0.00  0.00  0.00  0.00  0.95
     8.50    50.00    2002  0.00  0.00  0.00  0.92  0.00  0.94  0.00  0.00  0.00  0.00  0.00  0.92
     8.50    50.00    2003  0.00  0.00  0.00  0.92  0.00  0.96  0.00  0.00  0.00  0.00  0.00  0.92
     8.50    50.00    2004  0.00  0.00  0.00  0.91  0.00  0.94  0.00  0.00  0.00  0.91  0.00  0.91
     8.50    50.00    2005  0.00  0.00  0.00  0.92  0.00  0.91  0.00  0.00  0.00  0.00  0.00  0.92
     8.50    50.00    2006  0.00  0.00  0.00  0.94  0.00  0.96  0.00  0.00  0.00  0.00  0.00  0.94
     8.50    50.00    2007  0.00  0.00  0.00  0.89  0.00  0.88  0.00  0.00  0.00  0.91  0.00  0.89
     8.50    50.00    2008  0.00  0.00  0.00  0.95  0.00  0.93  0.00  0.00  0.00  0.94  0.00  0.95
     8.50    50.00    2009  0.00  0.00  0.00  0.94  0.00  0.94  0.00  0.00  0.00  0.99  0.00  0.94
     8.50    50.00    2010  0.00  0.00  0.00  0.90  0.00  0.93  0.00  0.00  0.00  0.96  0.00  0.91
     8.50    50.00    2011  0.00  0.00  0.00  0.91  0.00  0.91  0.00  0.00  0.00  0.96  0.00  0.91
     8.50    50.00    2012  0.00  0.00  0.00  0.91  0.00  0.92  0.00  0.00  0.00  0.95  0.00  0.91
