* using log directory ‘/home/ecamo19/Documents/projects/rlpg_guess/rLPJGUESS/rLPJGUESS.Rcheck’
* using R version 4.4.1 (2024-06-14)
* using platform: x86_64-pc-linux-gnu
* R was compiled by
    gcc (Ubuntu 11.4.0-1ubuntu1~22.04) 11.4.0
    GNU Fortran (Ubuntu 11.4.0-1ubuntu1~22.04) 11.4.0
* running under: Pop!_OS 22.04 LTS
* using session charset: UTF-8
* using options ‘--no-manual --as-cran’
* checking for file ‘rLPJGUESS/DESCRIPTION’ ... OK
* this is package ‘rLPJGUESS’ version ‘1.1.1’
* checking package namespace information ... OK
* checking package dependencies ... OK
* checking if this is a source package ... OK
* checking if there is a namespace ... OK
* checking for executable files ... OK
* checking for hidden files and directories ... OK
* checking for portable file names ... OK
* checking for sufficient/correct file permissions ... OK
* checking serialization versions ... OK
* checking whether package ‘rLPJGUESS’ can be installed ... OK
* checking installed package size ... OK
* checking package directory ... OK
* checking for future file timestamps ... OK
* checking ‘build’ directory ... OK
* checking DESCRIPTION meta-information ... OK
* checking top-level files ... OK
* checking for left-over files ... OK
* checking index information ... OK
* checking package subdirectories ... OK
* checking code files for non-ASCII characters ... OK
* checking R files for syntax errors ... OK
* checking whether the package can be loaded ... OK
* checking whether the package can be loaded with stated dependencies ... OK
* checking whether the package can be unloaded cleanly ... OK
* checking whether the namespace can be loaded with stated dependencies ... OK
* checking whether the namespace can be unloaded cleanly ... OK
* checking loading without being on the library search path ... OK
* checking dependencies in R code ... OK
* checking S3 generic/method consistency ... OK
* checking replacement functions ... OK
* checking foreign function calls ... OK
* checking R code for possible problems ... NOTE
Found if() conditions comparing class() to string:
File ‘rLPJGUESS/R/checkDesign.R’: if (class(design) == "list") ...
File ‘rLPJGUESS/R/checkDesign.R’: if (class(design) == "matrix") ...
File ‘rLPJGUESS/R/checkParameters.R’: if (class(parameterList) == "list") ...
File ‘rLPJGUESS/R/checkParameters.R’: if (class(parameterList) == "matrix") ...
File ‘rLPJGUESS/R/checkParameters.R’: if (!class(parameterList) == "list") ...
File ‘rLPJGUESS/R/createRunParameters.R’: if (class(parameterList[[1]]) == "list") ...
File ‘rLPJGUESS/R/createRunParameters.R’: if (class(parameterList) == "list") ...
File ‘rLPJGUESS/R/createSingleObject.R’: if (is.null(typeList) || !class(typeList) == "character") ...
File ‘rLPJGUESS/R/getRunInfo.R’: if (class(x) == "LPJData") ...
File ‘rLPJGUESS/R/getRunInfo.R’: if (class(x) == "character") ...
File ‘rLPJGUESS/R/getRunInfo.R’: if (class(x) == "LPJData") ...
File ‘rLPJGUESS/R/getRunInfo.R’: if (class(x) == "list") ...
File ‘rLPJGUESS/R/getRunInfo.R’: if (!class(x[[1]]) == "LPJData") ...
File ‘rLPJGUESS/R/plotLPJData.R’: if (!class(x) == "LPJData") ...
File ‘rLPJGUESS/R/plotLPJData.R’: if (is.null(typeList) || !class(typeList) == "character") ...
File ‘rLPJGUESS/R/runLPJ.R’: if (class(x) == "character") ...
File ‘rLPJGUESS/R/runLPJ.R’: if (is.null(settings) || !class(settings) == "list") ...
File ‘rLPJGUESS/R/runLPJ.R’: if (class(x) == "LPJSetup") ...
File ‘rLPJGUESS/R/runLPJ.R’: if (is.null(settings) || !class(settings) == "list") ...
File ‘rLPJGUESS/R/writeTemplate.R’: if (is.null(parameterList) || !class(parameterList) == "list") ...
Use inherits() (or maybe is()) instead.
* checking Rd files ... OK
* checking Rd metadata ... OK
* checking Rd line widths ... OK
* checking Rd cross-references ... OK
* checking for missing documentation entries ... OK
* checking for code/documentation mismatches ... OK
* checking Rd \usage sections ... OK
* checking Rd contents ... OK
* checking for unstated dependencies in examples ... OK
* checking R/sysdata.rda ... OK
 WARNING
‘qpdf’ is needed for checks on size reduction of PDFs
* checking installed files from ‘inst/doc’ ... OK
* checking files in ‘vignettes’ ... OK
* checking examples ... OK
* checking for unstated dependencies in ‘tests’ ... OK
* checking tests ... OK
  Running ‘testthat.R’
* checking for unstated dependencies in vignettes ... OK
* checking package vignettes ... OK
* checking re-building of vignette outputs ... OK
* checking for non-standard things in the check directory ... OK
* checking for detritus in the temp directory ... NOTE
Found the following files/directories:
  ‘ompi.legion.1000’
* DONE
Status: 1 WARNING, 2 NOTEs
